<?xml version="1.0" encoding="UTF-8"?>
<testng-results skipped="0" failed="0" ignored="0" total="1" passed="1">
  <reporter-output>
  </reporter-output>
  <suite name="Default suite" duration-ms="12672" started-at="2019-06-11T11:28:06Z" finished-at="2019-06-11T11:28:19Z">
    <groups>
    </groups>
    <test name="Default test" duration-ms="12672" started-at="2019-06-11T11:28:06Z" finished-at="2019-06-11T11:28:19Z">
      <class name="AdvancedReport.reportsTest">
        <test-method status="PASS" signature="OpenBrowser()[pri:0, instance:AdvancedReport.reportsTest@5c7fa833]" name="OpenBrowser" is-config="true" duration-ms="11902" started-at="2019-06-11T16:58:06Z" finished-at="2019-06-11T16:58:18Z">
          <reporter-output>
          </reporter-output>
        </test-method> <!-- OpenBrowser -->
        <test-method status="PASS" signature="Credentials()[pri:0, instance:AdvancedReport.reportsTest@5c7fa833]" name="Credentials" duration-ms="385" started-at="2019-06-11T16:58:18Z" finished-at="2019-06-11T16:58:19Z">
          <reporter-output>
          </reporter-output>
        </test-method> <!-- Credentials -->
        <test-method status="PASS" signature="endTest()[pri:0, instance:AdvancedReport.reportsTest@5c7fa833]" name="endTest" is-config="true" duration-ms="363" started-at="2019-06-11T16:58:19Z" finished-at="2019-06-11T16:58:19Z">
          <reporter-output>
          </reporter-output>
        </test-method> <!-- endTest -->
      </class> <!-- AdvancedReport.reportsTest -->
    </test> <!-- Default test -->
  </suite> <!-- Default suite -->
</testng-results>
